<?xml version="1.0" encoding="UTF-8"?>
<!-- Generated by org.testng.reporters.JUnitReportReporter -->
<testsuite hostname="DESKTOP-BRRH2CJ" failures="0" tests="3" name="com.plan.test.LoginPageTest" time="4.463" errors="0" timestamp="28 Oct 2021 15:11:59 GMT" skipped="1">
  <testcase classname="com.plan.test.LoginPageTest" name="verifyItemsInthecart" time="2.480"/>
  <testcase classname="com.plan.test.LoginPageTest" name="verifyItemsInTheCartAndSubTotal" time="1.983"/>
  <testcase classname="com.plan.test.LoginPageTest" name="verifyEndtoEndFlowForErrorAndSuccessForSubmition">
    <skipped/>
  </testcase> <!-- verifyEndtoEndFlowForErrorAndSuccessForSubmition -->
</testsuite> <!-- com.plan.test.LoginPageTest -->
